Unity Editor version:    2021.3.3f1 (af2e63e8f9bd)
Branch:                  2021.3/staging
Build type:              Release
Batch mode:              YES
macOS version:           Version 12.4 (Build 21F79)
Darwin version:          21.5.0
Architecture:            arm64
Running under Rosetta:   NO
Available memory:        8192 MB
Using pre-set license
Pro License: YES

COMMAND LINE ARGUMENTS:
/Applications/Unity/Hub/Editor/2021.3.3f1/Unity.app/Contents/MacOS/Unity
-adb2
-batchMode
-noUpm
-name
AssetImportWorker0
-projectPath
/Users/berkaydemir/Documents/GitHub/Programming-Theory-Repo/Programming Theory Project
-logFile
Logs/AssetImportWorker0.log
-srvPort
51108
Successfully changed project path to: /Users/berkaydemir/Documents/GitHub/Programming-Theory-Repo/Programming Theory Project
/Users/berkaydemir/Documents/GitHub/Programming-Theory-Repo/Programming Theory Project
[UnityMemory] Configuration Parameters - Can be set up in boot.config
    "memorysetup-bucket-allocator-granularity=16"
    "memorysetup-bucket-allocator-bucket-count=8"
    "memorysetup-bucket-allocator-block-size=33554432"
    "memorysetup-bucket-allocator-block-count=8"
    "memorysetup-main-allocator-block-size=16777216"
    "memorysetup-thread-allocator-block-size=16777216"
    "memorysetup-gfx-main-allocator-block-size=16777216"
    "memorysetup-gfx-thread-allocator-block-size=16777216"
    "memorysetup-cache-allocator-block-size=4194304"
    "memorysetup-typetree-allocator-block-size=2097152"
    "memorysetup-profiler-bucket-allocator-granularity=16"
    "memorysetup-profiler-bucket-allocator-bucket-count=8"
    "memorysetup-profiler-bucket-allocator-block-size=33554432"
    "memorysetup-profiler-bucket-allocator-block-count=8"
    "memorysetup-profiler-allocator-block-size=16777216"
    "memorysetup-profiler-editor-allocator-block-size=1048576"
    "memorysetup-temp-allocator-size-main=16777216"
    "memorysetup-job-temp-allocator-block-size=2097152"
    "memorysetup-job-temp-allocator-block-size-background=1048576"
    "memorysetup-job-temp-allocator-reduction-small-platforms=262144"
    "memorysetup-temp-allocator-size-background-worker=32768"
    "memorysetup-temp-allocator-size-job-worker=262144"
    "memorysetup-temp-allocator-size-preload-manager=33554432"
    "memorysetup-temp-allocator-size-nav-mesh-worker=65536"
    "memorysetup-temp-allocator-size-audio-worker=65536"
    "memorysetup-temp-allocator-size-cloud-worker=32768"
    "memorysetup-temp-allocator-size-gi-baking-worker=262144"
    "memorysetup-temp-allocator-size-gfx=262144"
Refreshing native plugins compatible for Editor in 69.45 ms, found 2 plugins.
Preloading 0 native plugins for Editor in 0.00 ms.
Initialize engine version: 2021.3.3f1 (af2e63e8f9bd)
[Subsystems] Discovering subsystems at path /Applications/Unity/Hub/Editor/2021.3.3f1/Unity.app/Contents/Resources/UnitySubsystems
[Subsystems] Discovering subsystems at path /Users/berkaydemir/Documents/GitHub/Programming-Theory-Repo/Programming Theory Project/Assets
GfxDevice: creating device client; threaded=0; jobified=0
 preferred device: Apple M1 (high power)
Metal devices available: 1
0: Apple M1 (high power)
Using device Apple M1 (high power)
Initializing Metal device caps: Apple M1
Initialize mono
Mono path[0] = '/Applications/Unity/Hub/Editor/2021.3.3f1/Unity.app/Contents/Managed'
Mono path[1] = '/Applications/Unity/Hub/Editor/2021.3.3f1/Unity.app/Contents/MonoBleedingEdge/lib/mono/unityjit-macos'
Mono config path = '/Applications/Unity/Hub/Editor/2021.3.3f1/Unity.app/Contents/MonoBleedingEdge/etc'
Using monoOptions --debugger-agent=transport=dt_socket,embedding=1,server=y,suspend=n,address=127.0.0.1:56385
Begin MonoManager ReloadAssembly
Registering precompiled unity dll's ...
Register platform support module: /Applications/Unity/Hub/Editor/2021.3.3f1/PlaybackEngines/WebGLSupport/UnityEditor.WebGL.Extensions.dll
Register platform support module: /Applications/Unity/Hub/Editor/2021.3.3f1/Unity.app/Contents/PlaybackEngines/MacStandaloneSupport/UnityEditor.OSXStandalone.Extensions.dll
Registered in 0.001888 seconds.
Native extension for OSXStandalone target not found
Native extension for WebGL target not found
Refreshing native plugins compatible for Editor in 67.93 ms, found 2 plugins.
Preloading 0 native plugins for Editor in 0.00 ms.
Mono: successfully reloaded assembly
- Completed reload, in  0.402 seconds
Domain Reload Profiling:
	ReloadAssembly (403ms)
		BeginReloadAssembly (62ms)
			ExecutionOrderSort (0ms)
			DisableScriptedObjects (0ms)
			BackupInstance (0ms)
			ReleaseScriptingObjects (0ms)
			CreateAndSetChildDomain (0ms)
		EndReloadAssembly (277ms)
			LoadAssemblies (62ms)
			RebuildTransferFunctionScriptingTraits (0ms)
			SetupTypeCache (67ms)
			ReleaseScriptCaches (0ms)
			RebuildScriptCaches (18ms)
			SetupLoadedEditorAssemblies (166ms)
				LogAssemblyErrors (0ms)
				InitializePlatformSupportModulesInManaged (4ms)
				SetLoadedEditorAssemblies (0ms)
				RefreshPlugins (68ms)
				BeforeProcessingInitializeOnLoad (1ms)
				ProcessInitializeOnLoadAttributes (71ms)
				ProcessInitializeOnLoadMethodAttributes (23ms)
				AfterProcessingInitializeOnLoad (0ms)
				EditorAssembliesLoaded (0ms)
			ExecutionOrderSort2 (0ms)
			AwakeInstancesAfterBackupRestoration (0ms)
Platform modules already initialized, skipping
Registering precompiled user dll's ...
Registered in 0.004158 seconds.
Begin MonoManager ReloadAssembly
Symbol file LoadedFromMemory doesn't match image /Users/berkaydemir/Documents/GitHub/Programming-Theory-Repo/Programming Theory Project/Library/PackageCache/com.unity.visualscripting@1.7.6/Editor/VisualScripting.Core/Dependencies/YamlDotNet/Unity.VisualScripting.YamlDotNet.dll
Symbol file LoadedFromMemory doesn't match image /Users/berkaydemir/Documents/GitHub/Programming-Theory-Repo/Programming Theory Project/Library/PackageCache/com.unity.visualscripting@1.7.6/Editor/VisualScripting.Core/Dependencies/DotNetZip/Unity.VisualScripting.IonicZip.dll
Native extension for OSXStandalone target not found
Native extension for WebGL target not found
Refreshing native plugins compatible for Editor in 0.38 ms, found 2 plugins.
Preloading 0 native plugins for Editor in 0.00 ms.
Mono: successfully reloaded assembly
- Completed reload, in  0.595 seconds
Domain Reload Profiling:
	ReloadAssembly (595ms)
		BeginReloadAssembly (54ms)
			ExecutionOrderSort (0ms)
			DisableScriptedObjects (3ms)
			BackupInstance (0ms)
			ReleaseScriptingObjects (0ms)
			CreateAndSetChildDomain (11ms)
		EndReloadAssembly (474ms)
			LoadAssemblies (56ms)
			RebuildTransferFunctionScriptingTraits (0ms)
			SetupTypeCache (162ms)
			ReleaseScriptCaches (0ms)
			RebuildScriptCaches (32ms)
			SetupLoadedEditorAssemblies (202ms)
				LogAssemblyErrors (0ms)
				InitializePlatformSupportModulesInManaged (2ms)
				SetLoadedEditorAssemblies (0ms)
				RefreshPlugins (0ms)
				BeforeProcessingInitializeOnLoad (55ms)
				ProcessInitializeOnLoadAttributes (127ms)
				ProcessInitializeOnLoadMethodAttributes (16ms)
				AfterProcessingInitializeOnLoad (1ms)
				EditorAssembliesLoaded (0ms)
			ExecutionOrderSort2 (0ms)
			AwakeInstancesAfterBackupRestoration (2ms)
Platform modules already initialized, skipping
========================================================================
Worker process is ready to serve import requests
Launching external process: /Applications/Unity/Hub/Editor/2021.3.3f1/Unity.app/Contents/Tools/UnityShaderCompiler
Launched and connected shader compiler UnityShaderCompiler after 0.04 seconds
Refreshing native plugins compatible for Editor in 0.38 ms, found 2 plugins.
Preloading 0 native plugins for Editor in 0.00 ms.
Unloading 3373 Unused Serialized files (Serialized files now loaded: 0)
Unloading 26 unused Assets / (95.7 KB). Loaded Objects now: 3830.
Memory consumption went from 230.0 MB to 229.9 MB.
Total: 2.450458 ms (FindLiveObjects: 0.134459 ms CreateObjectMapping: 0.043583 ms MarkObjects: 2.211167 ms  DeleteObjects: 0.060416 ms)

AssetImportParameters requested are different than current active one (requested -> active):
  custom:video-decoder-ogg-theora: a1e56fd34408186e4bbccfd4996cb3dc -> 
  custom:container-muxer-webm: aa71ff27fc2769a1b78a27578f13a17b -> 
  custom:container-demuxer-webm: 4f35f7cbe854078d1ac9338744f61a02 -> 
  custom:video-encoder-webm-vp8: eb34c28f22e8b96e1ab97ce403110664 -> 
  custom:framework-osx-AVFoundation: e770b220cccbd017edd2c1fefb359320 -> 
  custom:audio-encoder-webm-vorbis: bf7c407c2cedff20999df2af8eb42d56 -> 
  custom:container-demuxer-ogg: 62fdf1f143b41e24485cea50d1cbac27 -> 
  custom:video-decoder-webm-vp8: 9c59270c3fd7afecdb556c50c9e8de78 -> 
  custom:audio-decoder-ogg-vorbis: bf7c407c2cedff20999df2af8eb42d56 -> 
========================================================================
Received Prepare
Registering precompiled user dll's ...
Registered in 0.002300 seconds.
Begin MonoManager ReloadAssembly
Thread 0x28a197000 may have been prematurely finalized
Symbol file LoadedFromMemory doesn't match image /Users/berkaydemir/Documents/GitHub/Programming-Theory-Repo/Programming Theory Project/Library/PackageCache/com.unity.visualscripting@1.7.6/Editor/VisualScripting.Core/Dependencies/YamlDotNet/Unity.VisualScripting.YamlDotNet.dll
Symbol file LoadedFromMemory doesn't match image /Users/berkaydemir/Documents/GitHub/Programming-Theory-Repo/Programming Theory Project/Library/PackageCache/com.unity.visualscripting@1.7.6/Editor/VisualScripting.Core/Dependencies/DotNetZip/Unity.VisualScripting.IonicZip.dll
Native extension for OSXStandalone target not found
Native extension for WebGL target not found
Refreshing native plugins compatible for Editor in 0.39 ms, found 2 plugins.
Preloading 0 native plugins for Editor in 0.00 ms.
Mono: successfully reloaded assembly
- Completed reload, in  0.577 seconds
Domain Reload Profiling:
	ReloadAssembly (577ms)
		BeginReloadAssembly (74ms)
			ExecutionOrderSort (0ms)
			DisableScriptedObjects (3ms)
			BackupInstance (0ms)
			ReleaseScriptingObjects (0ms)
			CreateAndSetChildDomain (24ms)
		EndReloadAssembly (444ms)
			LoadAssemblies (54ms)
			RebuildTransferFunctionScriptingTraits (0ms)
			SetupTypeCache (177ms)
			ReleaseScriptCaches (1ms)
			RebuildScriptCaches (26ms)
			SetupLoadedEditorAssemblies (164ms)
				LogAssemblyErrors (0ms)
				InitializePlatformSupportModulesInManaged (5ms)
				SetLoadedEditorAssemblies (0ms)
				RefreshPlugins (0ms)
				BeforeProcessingInitializeOnLoad (36ms)
				ProcessInitializeOnLoadAttributes (107ms)
				ProcessInitializeOnLoadMethodAttributes (14ms)
				AfterProcessingInitializeOnLoad (0ms)
				EditorAssembliesLoaded (0ms)
			ExecutionOrderSort2 (0ms)
			AwakeInstancesAfterBackupRestoration (2ms)
Platform modules already initialized, skipping
Refreshing native plugins compatible for Editor in 0.78 ms, found 2 plugins.
Preloading 0 native plugins for Editor in 0.00 ms.
Unloading 3357 Unused Serialized files (Serialized files now loaded: 0)
Unloading 19 unused Assets / (72.0 KB). Loaded Objects now: 3835.
Memory consumption went from 228.8 MB to 228.8 MB.
Total: 2.251375 ms (FindLiveObjects: 0.124625 ms CreateObjectMapping: 0.042666 ms MarkObjects: 2.020792 ms  DeleteObjects: 0.062584 ms)

AssetImportParameters requested are different than current active one (requested -> active):
  custom:video-decoder-ogg-theora: a1e56fd34408186e4bbccfd4996cb3dc -> 
  custom:container-muxer-webm: aa71ff27fc2769a1b78a27578f13a17b -> 
  custom:container-demuxer-webm: 4f35f7cbe854078d1ac9338744f61a02 -> 
  custom:video-encoder-webm-vp8: eb34c28f22e8b96e1ab97ce403110664 -> 
  custom:framework-osx-AVFoundation: e770b220cccbd017edd2c1fefb359320 -> 
  custom:audio-encoder-webm-vorbis: bf7c407c2cedff20999df2af8eb42d56 -> 
  custom:container-demuxer-ogg: 62fdf1f143b41e24485cea50d1cbac27 -> 
  custom:video-decoder-webm-vp8: 9c59270c3fd7afecdb556c50c9e8de78 -> 
  custom:audio-decoder-ogg-vorbis: bf7c407c2cedff20999df2af8eb42d56 -> 
========================================================================
Received Import Request.
  Time since last request: 17116.190904 seconds.
  path: Assets
  artifactKey: Guid(00000000000000001000000000000000) Importer(815301076,1909f56bfc062723c751e8b465ee728b)
Start importing Assets using Guid(00000000000000001000000000000000) Importer(815301076,1909f56bfc062723c751e8b465ee728b)  -> (artifact id: '79842766b460edbeab6a34051e857a80') in 0.006695 seconds 
========================================================================
Received Import Request.
  Time since last request: 8.297234 seconds.
  path: Assets/Asset Store
  artifactKey: Guid(b5dae84e7d40f4a72b11c1cdfc3e13c5) Importer(815301076,1909f56bfc062723c751e8b465ee728b)
Start importing Assets/Asset Store using Guid(b5dae84e7d40f4a72b11c1cdfc3e13c5) Importer(815301076,1909f56bfc062723c751e8b465ee728b)  -> (artifact id: '8fcd261d039916b5e5c12478c4ee185b') in 0.000598 seconds 
========================================================================
Received Import Request.
  Time since last request: 5.693726 seconds.
  path: Assets/Asset Store/Cars
  artifactKey: Guid(0e3e0853be877499c9d960f3db9a5193) Importer(815301076,1909f56bfc062723c751e8b465ee728b)
Start importing Assets/Asset Store/Cars using Guid(0e3e0853be877499c9d960f3db9a5193) Importer(815301076,1909f56bfc062723c751e8b465ee728b)  -> (artifact id: '955aaea05b931508d80055083640d1fa') in 0.000659 seconds 
========================================================================
Received Prepare
Registering precompiled user dll's ...
Registered in 0.001421 seconds.
Begin MonoManager ReloadAssembly
Thread 0x16f603000 may have been prematurely finalized
Symbol file LoadedFromMemory doesn't match image /Users/berkaydemir/Documents/GitHub/Programming-Theory-Repo/Programming Theory Project/Library/PackageCache/com.unity.visualscripting@1.7.6/Editor/VisualScripting.Core/Dependencies/YamlDotNet/Unity.VisualScripting.YamlDotNet.dll
Symbol file LoadedFromMemory doesn't match image /Users/berkaydemir/Documents/GitHub/Programming-Theory-Repo/Programming Theory Project/Library/PackageCache/com.unity.visualscripting@1.7.6/Editor/VisualScripting.Core/Dependencies/DotNetZip/Unity.VisualScripting.IonicZip.dll
Native extension for OSXStandalone target not found
Native extension for WebGL target not found
Refreshing native plugins compatible for Editor in 0.38 ms, found 2 plugins.
Preloading 0 native plugins for Editor in 0.00 ms.
Mono: successfully reloaded assembly
- Completed reload, in  0.539 seconds
Domain Reload Profiling:
	ReloadAssembly (539ms)
		BeginReloadAssembly (71ms)
			ExecutionOrderSort (0ms)
			DisableScriptedObjects (3ms)
			BackupInstance (0ms)
			ReleaseScriptingObjects (0ms)
			CreateAndSetChildDomain (22ms)
		EndReloadAssembly (412ms)
			LoadAssemblies (31ms)
			RebuildTransferFunctionScriptingTraits (0ms)
			SetupTypeCache (167ms)
			ReleaseScriptCaches (1ms)
			RebuildScriptCaches (25ms)
			SetupLoadedEditorAssemblies (165ms)
				LogAssemblyErrors (0ms)
				InitializePlatformSupportModulesInManaged (5ms)
				SetLoadedEditorAssemblies (0ms)
				RefreshPlugins (0ms)
				BeforeProcessingInitializeOnLoad (37ms)
				ProcessInitializeOnLoadAttributes (108ms)
				ProcessInitializeOnLoadMethodAttributes (14ms)
				AfterProcessingInitializeOnLoad (1ms)
				EditorAssembliesLoaded (0ms)
			ExecutionOrderSort2 (0ms)
			AwakeInstancesAfterBackupRestoration (2ms)
Platform modules already initialized, skipping
Refreshing native plugins compatible for Editor in 1.17 ms, found 2 plugins.
Preloading 0 native plugins for Editor in 0.00 ms.
Unloading 3357 Unused Serialized files (Serialized files now loaded: 0)
Unloading 19 unused Assets / (72.0 KB). Loaded Objects now: 3838.
Memory consumption went from 229.1 MB to 229.1 MB.
Total: 2.180750 ms (FindLiveObjects: 0.121250 ms CreateObjectMapping: 0.042375 ms MarkObjects: 1.953834 ms  DeleteObjects: 0.062833 ms)

AssetImportParameters requested are different than current active one (requested -> active):
  custom:video-decoder-ogg-theora: a1e56fd34408186e4bbccfd4996cb3dc -> 
  custom:container-muxer-webm: aa71ff27fc2769a1b78a27578f13a17b -> 
  custom:container-demuxer-webm: 4f35f7cbe854078d1ac9338744f61a02 -> 
  custom:video-encoder-webm-vp8: eb34c28f22e8b96e1ab97ce403110664 -> 
  custom:framework-osx-AVFoundation: e770b220cccbd017edd2c1fefb359320 -> 
  custom:audio-encoder-webm-vorbis: bf7c407c2cedff20999df2af8eb42d56 -> 
  custom:container-demuxer-ogg: 62fdf1f143b41e24485cea50d1cbac27 -> 
  custom:video-decoder-webm-vp8: 9c59270c3fd7afecdb556c50c9e8de78 -> 
  custom:audio-decoder-ogg-vorbis: bf7c407c2cedff20999df2af8eb42d56 -> 
========================================================================
Received Import Request.
  Time since last request: 7.077494 seconds.
  path: Assets/Asset Store/Cars/Lambo.unity
  artifactKey: Guid(effb39c306f390841ba1872da152077d) Importer(815301076,1909f56bfc062723c751e8b465ee728b)
Start importing Assets/Asset Store/Cars/Lambo.unity using Guid(effb39c306f390841ba1872da152077d) Importer(815301076,1909f56bfc062723c751e8b465ee728b)  -> (artifact id: '6f71d9220bde4be21dcf3f0c258c42b1') in 0.005607 seconds 
========================================================================
Received Import Request.
  Time since last request: 1.272414 seconds.
  path: Assets/Asset Store/Cars/Material
  artifactKey: Guid(ea703eb73c281bc4b805b2585830549f) Importer(815301076,1909f56bfc062723c751e8b465ee728b)
Start importing Assets/Asset Store/Cars/Material using Guid(ea703eb73c281bc4b805b2585830549f) Importer(815301076,1909f56bfc062723c751e8b465ee728b)  -> (artifact id: '444285b3818bc669500a97dc2c33bffc') in 0.001303 seconds 
========================================================================
Received Import Request.
  Time since last request: 0.675459 seconds.
  path: Assets/Asset Store/Cars/Models
  artifactKey: Guid(62a13f4c6885ce5438cf49db659718e2) Importer(815301076,1909f56bfc062723c751e8b465ee728b)
Start importing Assets/Asset Store/Cars/Models using Guid(62a13f4c6885ce5438cf49db659718e2) Importer(815301076,1909f56bfc062723c751e8b465ee728b)  -> (artifact id: 'a889ea604a44c2c6bb8697aae8297836') in 0.001212 seconds 
========================================================================
Received Import Request.
  Time since last request: 12.442352 seconds.
  path: Assets/Asset Store/Cars/Models/1963 convertable
  artifactKey: Guid(9188954055c5cf8419afb49f1617b902) Importer(815301076,1909f56bfc062723c751e8b465ee728b)
Start importing Assets/Asset Store/Cars/Models/1963 convertable using Guid(9188954055c5cf8419afb49f1617b902) Importer(815301076,1909f56bfc062723c751e8b465ee728b)  -> (artifact id: '2e6b7d279ca199f062e8f2a37782deeb') in 0.001337 seconds 
========================================================================
Received Import Request.
  Time since last request: 3.346594 seconds.
  path: Assets/Asset Store/Cars/Models/1963 convertable/1963 convertable body.png
  artifactKey: Guid(6d9abbf6d564b18408e0d6708be8031a) Importer(815301076,1909f56bfc062723c751e8b465ee728b)
Start importing Assets/Asset Store/Cars/Models/1963 convertable/1963 convertable body.png using Guid(6d9abbf6d564b18408e0d6708be8031a) Importer(815301076,1909f56bfc062723c751e8b465ee728b)  -> (artifact id: 'c9508990546c8e2313596f2b88749093') in 0.508938 seconds 
========================================================================
Received Import Request.
  Time since last request: 7.529867 seconds.
  path: Assets/Asset Store/Cars/Models/1963 convertable/1963 convertable interior.png
  artifactKey: Guid(3ae4f722bdc3ced47aef64f301c50da8) Importer(815301076,1909f56bfc062723c751e8b465ee728b)
Start importing Assets/Asset Store/Cars/Models/1963 convertable/1963 convertable interior.png using Guid(3ae4f722bdc3ced47aef64f301c50da8) Importer(815301076,1909f56bfc062723c751e8b465ee728b)  -> (artifact id: 'b3376970479c90512b21d5d0e1d52788') in 0.010926 seconds 
========================================================================
Received Import Request.
  Time since last request: 3.766533 seconds.
  path: Assets/Asset Store/Cars/Models/1963 convertable/1963 convertable normal.png
  artifactKey: Guid(fbacb4d758b064947b5645dff8e21384) Importer(815301076,1909f56bfc062723c751e8b465ee728b)
Start importing Assets/Asset Store/Cars/Models/1963 convertable/1963 convertable normal.png using Guid(fbacb4d758b064947b5645dff8e21384) Importer(815301076,1909f56bfc062723c751e8b465ee728b)  -> (artifact id: '1ee1c54f59ff68644064c5642230d84e') in 0.154565 seconds 
========================================================================
Received Import Request.
  Time since last request: 1.248653 seconds.
  path: Assets/Asset Store/Cars/Models/1963 convertable/1963 convertable.fbx
  artifactKey: Guid(1352acb58b785754283e0103a231cce5) Importer(815301076,1909f56bfc062723c751e8b465ee728b)
Start importing Assets/Asset Store/Cars/Models/1963 convertable/1963 convertable.fbx using Guid(1352acb58b785754283e0103a231cce5) Importer(815301076,1909f56bfc062723c751e8b465ee728b)  -> (artifact id: '3e63107fd27764ff889d8e5b3e0c4215') in 0.494457 seconds 
========================================================================
Received Import Request.
  Time since last request: 6.122902 seconds.
  path: Assets/Asset Store/Cars/Models/1966 classic sedan/1966 classic sedan body.png
  artifactKey: Guid(3a907985b3adead438f7198f461fee99) Importer(815301076,1909f56bfc062723c751e8b465ee728b)
Start importing Assets/Asset Store/Cars/Models/1966 classic sedan/1966 classic sedan body.png using Guid(3a907985b3adead438f7198f461fee99) Importer(815301076,1909f56bfc062723c751e8b465ee728b)  -> (artifact id: '421e905ce89bcc8dd94f857541c8e552') in 0.011405 seconds 
========================================================================
Received Import Request.
  Time since last request: 0.732366 seconds.
  path: Assets/Asset Store/Cars/Models/1966 classic sedan/1966 classic sedan interior.png
  artifactKey: Guid(67437269566eca849831eddb8bb4ff89) Importer(815301076,1909f56bfc062723c751e8b465ee728b)
Start importing Assets/Asset Store/Cars/Models/1966 classic sedan/1966 classic sedan interior.png using Guid(67437269566eca849831eddb8bb4ff89) Importer(815301076,1909f56bfc062723c751e8b465ee728b)  -> (artifact id: '42d43ef54f2c6b239ee52d45e733d668') in 0.009638 seconds 
========================================================================
Received Import Request.
  Time since last request: 1.953134 seconds.
  path: Assets/Asset Store/Cars/Models/1966 classic sedan/1966 classic sedan normal.png
  artifactKey: Guid(f60af3fcc0672c64b913426e222be3d3) Importer(815301076,1909f56bfc062723c751e8b465ee728b)
Start importing Assets/Asset Store/Cars/Models/1966 classic sedan/1966 classic sedan normal.png using Guid(f60af3fcc0672c64b913426e222be3d3) Importer(815301076,1909f56bfc062723c751e8b465ee728b)  -> (artifact id: 'eff37aca02fe10b20f079dbef8229b02') in 0.011027 seconds 
========================================================================
Received Import Request.
  Time since last request: 3.032260 seconds.
  path: Assets/Asset Store/Cars/Models/1966 classic sedan/1966 classic sedan.fbx
  artifactKey: Guid(14bc04c99a95b934596d282aff1ceda8) Importer(815301076,1909f56bfc062723c751e8b465ee728b)
Start importing Assets/Asset Store/Cars/Models/1966 classic sedan/1966 classic sedan.fbx using Guid(14bc04c99a95b934596d282aff1ceda8) Importer(815301076,1909f56bfc062723c751e8b465ee728b)  -> (artifact id: '10efbca9531761d13fbcd48fd90d7211') in 0.085026 seconds 
========================================================================
Received Import Request.
  Time since last request: 10.206058 seconds.
  path: Assets/Asset Store/Cars/Models/1969 classic
  artifactKey: Guid(e1748765236c6be4e880b55113eca919) Importer(815301076,1909f56bfc062723c751e8b465ee728b)
Start importing Assets/Asset Store/Cars/Models/1969 classic using Guid(e1748765236c6be4e880b55113eca919) Importer(815301076,1909f56bfc062723c751e8b465ee728b)  -> (artifact id: '6981164baadeef7fa42212362eb3e7d8') in 0.001216 seconds 
========================================================================
Received Import Request.
  Time since last request: 1.628993 seconds.
  path: Assets/Asset Store/Cars/Models/1969 classic/1969 classic interior.png
  artifactKey: Guid(e2370e3be98402e4c9c3873b53158086) Importer(815301076,1909f56bfc062723c751e8b465ee728b)
Start importing Assets/Asset Store/Cars/Models/1969 classic/1969 classic interior.png using Guid(e2370e3be98402e4c9c3873b53158086) Importer(815301076,1909f56bfc062723c751e8b465ee728b)  -> (artifact id: '3139f7cd904ea1f1429b4cf2433a5197') in 0.010762 seconds 
========================================================================
Received Import Request.
  Time since last request: 1.002244 seconds.
  path: Assets/Asset Store/Cars/Models/1969 classic/1969 classic normal.png
  artifactKey: Guid(0c664a0955a994c46805a93614fe48ff) Importer(815301076,1909f56bfc062723c751e8b465ee728b)
Start importing Assets/Asset Store/Cars/Models/1969 classic/1969 classic normal.png using Guid(0c664a0955a994c46805a93614fe48ff) Importer(815301076,1909f56bfc062723c751e8b465ee728b)  -> (artifact id: '1cb8fe17592afd9ce55f2c78e66c2a33') in 0.010109 seconds 
========================================================================
Received Import Request.
  Time since last request: 1.250209 seconds.
  path: Assets/Asset Store/Cars/Models/1969 classic/1969 classic.fbx
  artifactKey: Guid(da81b53df1cd2cb47984aaf3e6407160) Importer(815301076,1909f56bfc062723c751e8b465ee728b)
Start importing Assets/Asset Store/Cars/Models/1969 classic/1969 classic.fbx using Guid(da81b53df1cd2cb47984aaf3e6407160) Importer(815301076,1909f56bfc062723c751e8b465ee728b)  -> (artifact id: '9809e0c56dc55cb8a7ad7ac325d0bd5a') in 0.061838 seconds 
========================================================================
Received Import Request.
  Time since last request: 0.485245 seconds.
  path: Assets/Asset Store/Cars/Models/1969 classic/1969 classic.png
  artifactKey: Guid(6e976c49e5a93504e87be44b9170870d) Importer(815301076,1909f56bfc062723c751e8b465ee728b)
Start importing Assets/Asset Store/Cars/Models/1969 classic/1969 classic.png using Guid(6e976c49e5a93504e87be44b9170870d) Importer(815301076,1909f56bfc062723c751e8b465ee728b)  -> (artifact id: '04b94d5f0cc8e7ee0e1c30ef6d9e3985') in 0.010840 seconds 
========================================================================
Received Import Request.
  Time since last request: 5.191931 seconds.
  path: Assets/Asset Store/Cars/Models/1972 sedan
  artifactKey: Guid(363eaf01723c25a49934ef02d3febc2d) Importer(815301076,1909f56bfc062723c751e8b465ee728b)
Start importing Assets/Asset Store/Cars/Models/1972 sedan using Guid(363eaf01723c25a49934ef02d3febc2d) Importer(815301076,1909f56bfc062723c751e8b465ee728b)  -> (artifact id: '44336c2aa8a83fb8269c3ad743313a5c') in 0.001696 seconds 
========================================================================
Received Import Request.
  Time since last request: 2.946798 seconds.
  path: Assets/Asset Store/Cars/Models/1972 sedan/1972 sedan body.png
  artifactKey: Guid(78bcc9206f23e8d4c8ec8ff3b21c10ff) Importer(815301076,1909f56bfc062723c751e8b465ee728b)
Start importing Assets/Asset Store/Cars/Models/1972 sedan/1972 sedan body.png using Guid(78bcc9206f23e8d4c8ec8ff3b21c10ff) Importer(815301076,1909f56bfc062723c751e8b465ee728b)  -> (artifact id: '2bd64613a443f160e85302d41d20c740') in 0.010582 seconds 
========================================================================
Received Import Request.
  Time since last request: 1.467486 seconds.
  path: Assets/Asset Store/Cars/Models/1972 sedan/1972 sedan interior.png
  artifactKey: Guid(cac6420befa7282449fd64ada45b5093) Importer(815301076,1909f56bfc062723c751e8b465ee728b)
Start importing Assets/Asset Store/Cars/Models/1972 sedan/1972 sedan interior.png using Guid(cac6420befa7282449fd64ada45b5093) Importer(815301076,1909f56bfc062723c751e8b465ee728b)  -> (artifact id: '9fd4eaba112bed63a045c336867ec6ae') in 0.009715 seconds 
========================================================================
Received Import Request.
  Time since last request: 0.702663 seconds.
  path: Assets/Asset Store/Cars/Models/1972 sedan/1972 sedan normal.png
  artifactKey: Guid(df5f95549978c4242ba9222497d69e59) Importer(815301076,1909f56bfc062723c751e8b465ee728b)
Start importing Assets/Asset Store/Cars/Models/1972 sedan/1972 sedan normal.png using Guid(df5f95549978c4242ba9222497d69e59) Importer(815301076,1909f56bfc062723c751e8b465ee728b)  -> (artifact id: '0449289daa6e66f440c682a397e374c0') in 0.009811 seconds 
========================================================================
Received Import Request.
  Time since last request: 26.022747 seconds.
  path: Assets/Asset Store/Cars/Models/350 sports/350 sports.fbx
  artifactKey: Guid(fef3987c9bb3879489ab8b59f1836758) Importer(815301076,1909f56bfc062723c751e8b465ee728b)
Start importing Assets/Asset Store/Cars/Models/350 sports/350 sports.fbx using Guid(fef3987c9bb3879489ab8b59f1836758) Importer(815301076,1909f56bfc062723c751e8b465ee728b)  -> (artifact id: 'f5685916f2dd0a62cf3980bf0d692ce9') in 0.060565 seconds 
========================================================================
Received Import Request.
  Time since last request: 37.476816 seconds.
  path: Assets/Scenes/TitleScene.unity
  artifactKey: Guid(01417da5c346046aa936875cf44a7dc9) Importer(815301076,1909f56bfc062723c751e8b465ee728b)
Start importing Assets/Scenes/TitleScene.unity using Guid(01417da5c346046aa936875cf44a7dc9) Importer(815301076,1909f56bfc062723c751e8b465ee728b)  -> (artifact id: 'dae2460128d1bffb15dd6e09c7135060') in 0.001487 seconds 
========================================================================
Received Import Request.
  Time since last request: 74.849833 seconds.
  path: Assets/Asset Store/Cars/Models/350 sports/350 sports interior.png
  artifactKey: Guid(2aeeb141fbd12ee4eb5d0cbaba84b5ba) Importer(815301076,1909f56bfc062723c751e8b465ee728b)
Start importing Assets/Asset Store/Cars/Models/350 sports/350 sports interior.png using Guid(2aeeb141fbd12ee4eb5d0cbaba84b5ba) Importer(815301076,1909f56bfc062723c751e8b465ee728b)  -> (artifact id: 'a133b544040aa24058f94e15c4677738') in 0.011086 seconds 
========================================================================
Received Import Request.
  Time since last request: 1.916854 seconds.
  path: Assets/Asset Store/Cars/Models/350 sports/350 sports body.png
  artifactKey: Guid(698c87df6041b5c458838c0e86214e47) Importer(815301076,1909f56bfc062723c751e8b465ee728b)
Start importing Assets/Asset Store/Cars/Models/350 sports/350 sports body.png using Guid(698c87df6041b5c458838c0e86214e47) Importer(815301076,1909f56bfc062723c751e8b465ee728b)  -> (artifact id: 'f196ecb655715f5136f67fbc1f9e51d5') in 0.011138 seconds 
========================================================================
Received Import Request.
  Time since last request: 1.867153 seconds.
  path: Assets/Asset Store/Cars/Models/350 sports/350 sports normal.png
  artifactKey: Guid(6abb2b9e65051784eadf8456a894cf1b) Importer(815301076,1909f56bfc062723c751e8b465ee728b)
Start importing Assets/Asset Store/Cars/Models/350 sports/350 sports normal.png using Guid(6abb2b9e65051784eadf8456a894cf1b) Importer(815301076,1909f56bfc062723c751e8b465ee728b)  -> (artifact id: '04846b5e4fddd4119eabc5b387bc9ac9') in 0.012248 seconds 
========================================================================
Received Import Request.
  Time since last request: 161.412818 seconds.
  path: Assets/Asset Store/Cars/Models/base.fbx
  artifactKey: Guid(fc9c8c3255710ef41bbe9e0c0b37ad56) Importer(815301076,1909f56bfc062723c751e8b465ee728b)
Start importing Assets/Asset Store/Cars/Models/base.fbx using Guid(fc9c8c3255710ef41bbe9e0c0b37ad56) Importer(815301076,1909f56bfc062723c751e8b465ee728b)  -> (artifact id: '8b25cb61440476fcaa449ab277386520') in 0.026983 seconds 
========================================================================
Received Import Request.
  Time since last request: 6.922074 seconds.
  path: Assets/Asset Store/Cars/Models/h3 SUV
  artifactKey: Guid(e2915edb879f2474086427a328ca3f61) Importer(815301076,1909f56bfc062723c751e8b465ee728b)
Start importing Assets/Asset Store/Cars/Models/h3 SUV using Guid(e2915edb879f2474086427a328ca3f61) Importer(815301076,1909f56bfc062723c751e8b465ee728b)  -> (artifact id: 'b61390532d03993538ae11490f7ad9b9') in 0.001807 seconds 
========================================================================
Received Import Request.
  Time since last request: 0.457451 seconds.
  path: Assets/Asset Store/Cars/Models/rx sports
  artifactKey: Guid(0dab038de58338f4f9d52ed2aa2220c5) Importer(815301076,1909f56bfc062723c751e8b465ee728b)
Start importing Assets/Asset Store/Cars/Models/rx sports using Guid(0dab038de58338f4f9d52ed2aa2220c5) Importer(815301076,1909f56bfc062723c751e8b465ee728b)  -> (artifact id: 'dfcc87912b1b1f92f1372501bc1060a7') in 0.001713 seconds 
========================================================================
Received Import Request.
  Time since last request: 0.442637 seconds.
  path: Assets/Asset Store/Cars/Models/sports gt 2015
  artifactKey: Guid(564a8d86f9e72914da5a72cbb088d74f) Importer(815301076,1909f56bfc062723c751e8b465ee728b)
Start importing Assets/Asset Store/Cars/Models/sports gt 2015 using Guid(564a8d86f9e72914da5a72cbb088d74f) Importer(815301076,1909f56bfc062723c751e8b465ee728b)  -> (artifact id: 'a66cc53fd85dfe0113f5df6c0c00efba') in 0.001659 seconds 
========================================================================
Received Import Request.
  Time since last request: 2.339935 seconds.
  path: Assets/Asset Store/Cars/Textures
  artifactKey: Guid(6f08c215100980b4da9164bbe9851afd) Importer(815301076,1909f56bfc062723c751e8b465ee728b)
Start importing Assets/Asset Store/Cars/Textures using Guid(6f08c215100980b4da9164bbe9851afd) Importer(815301076,1909f56bfc062723c751e8b465ee728b)  -> (artifact id: '9a28659a14a4d6e0c98657f5bcbf2bf4') in 0.001721 seconds 
========================================================================
Received Import Request.
  Time since last request: 4.766130 seconds.
  path: Assets/Asset Store/Cars/Textures/tires combined.png
  artifactKey: Guid(143e73259dd4b42469184253776934d7) Importer(815301076,1909f56bfc062723c751e8b465ee728b)
Start importing Assets/Asset Store/Cars/Textures/tires combined.png using Guid(143e73259dd4b42469184253776934d7) Importer(815301076,1909f56bfc062723c751e8b465ee728b)  -> (artifact id: '7e2cd4d586c02d4e292c9cf7cfb3eb76') in 0.008658 seconds 
========================================================================
Received Import Request.
  Time since last request: 3.082509 seconds.
  path: Assets/Asset Store/Cars/Textures/reflection.png
  artifactKey: Guid(77b52149a8ca0914a93a45f3bf206007) Importer(815301076,1909f56bfc062723c751e8b465ee728b)
Start importing Assets/Asset Store/Cars/Textures/reflection.png using Guid(77b52149a8ca0914a93a45f3bf206007) Importer(815301076,1909f56bfc062723c751e8b465ee728b)  -> (artifact id: '2af6926f8c58dd3799cabd8e9429b582') in 0.045196 seconds 
========================================================================
Received Import Request.
  Time since last request: 0.973496 seconds.
  path: Assets/Asset Store/Cars/Textures/combined normal.png
  artifactKey: Guid(9d9cdc294a511454f86c577355fa079f) Importer(815301076,1909f56bfc062723c751e8b465ee728b)
Start importing Assets/Asset Store/Cars/Textures/combined normal.png using Guid(9d9cdc294a511454f86c577355fa079f) Importer(815301076,1909f56bfc062723c751e8b465ee728b)  -> (artifact id: '8dcc13aedbda22b72e24f91ef57b032f') in 0.007688 seconds 
========================================================================
Received Import Request.
  Time since last request: 1.420109 seconds.
  path: Assets/Asset Store/Cars/Textures/base.png
  artifactKey: Guid(8892b97d1a153ca4f912f6d462dbbcc9) Importer(815301076,1909f56bfc062723c751e8b465ee728b)
Start importing Assets/Asset Store/Cars/Textures/base.png using Guid(8892b97d1a153ca4f912f6d462dbbcc9) Importer(815301076,1909f56bfc062723c751e8b465ee728b)  -> (artifact id: '58b4d274d9c63eb78448b6f3f4fb5259') in 0.010679 seconds 
========================================================================
Received Import Request.
  Time since last request: 51.055300 seconds.
  path: Assets/Asset Store/Cars/Prefabs/2019 truck Variant.prefab
  artifactKey: Guid(a176210b9cb0c8745a10d00461784660) Importer(815301076,1909f56bfc062723c751e8b465ee728b)
Start importing Assets/Asset Store/Cars/Prefabs/2019 truck Variant.prefab using Guid(a176210b9cb0c8745a10d00461784660) Importer(815301076,1909f56bfc062723c751e8b465ee728b)  -> (artifact id: '33989ace4b5ff73dff076762b94c4034') in 0.059300 seconds 
========================================================================
Received Import Request.
  Time since last request: 17.995265 seconds.
  path: Assets/Asset Store/Cars/Prefabs/350 sports Variant.prefab
  artifactKey: Guid(4e5d0e807dbad91499504a38d4068b2c) Importer(815301076,1909f56bfc062723c751e8b465ee728b)
Start importing Assets/Asset Store/Cars/Prefabs/350 sports Variant.prefab using Guid(4e5d0e807dbad91499504a38d4068b2c) Importer(815301076,1909f56bfc062723c751e8b465ee728b)  -> (artifact id: '4e0c1c7cab8967dad2944f64fd0f41e5') in 0.038608 seconds 
========================================================================
Received Import Request.
  Time since last request: 17.659830 seconds.
  path: Assets/Asset Store/Cars/Scripts/CarsMenu.cs
  artifactKey: Guid(cbf07de4f83385c43810450325171894) Importer(815301076,1909f56bfc062723c751e8b465ee728b)
Start importing Assets/Asset Store/Cars/Scripts/CarsMenu.cs using Guid(cbf07de4f83385c43810450325171894) Importer(815301076,1909f56bfc062723c751e8b465ee728b)  -> (artifact id: '097981793edecd2d485619eea72c57fb') in 0.055821 seconds 
========================================================================
Received Import Request.
  Time since last request: 23.736007 seconds.
  path: Assets/Asset Store/Cars/Scripts/CarView.cs
  artifactKey: Guid(b9fb11c91725d1d44a37e5e584b4c471) Importer(815301076,1909f56bfc062723c751e8b465ee728b)
Start importing Assets/Asset Store/Cars/Scripts/CarView.cs using Guid(b9fb11c91725d1d44a37e5e584b4c471) Importer(815301076,1909f56bfc062723c751e8b465ee728b)  -> (artifact id: 'b733c0e103e80c0a705d8746b5ff7461') in 0.002359 seconds 
========================================================================
Received Import Request.
  Time since last request: 91.796417 seconds.
  path: Assets/Asset Store/Cars/Models/2019 truck
  artifactKey: Guid(f061fe1e77ebd064aa86eb2414ddd84c) Importer(815301076,1909f56bfc062723c751e8b465ee728b)
Start importing Assets/Asset Store/Cars/Models/2019 truck using Guid(f061fe1e77ebd064aa86eb2414ddd84c) Importer(815301076,1909f56bfc062723c751e8b465ee728b)  -> (artifact id: 'a7b83fd4ff3495b99e3ed2fcacdf0d66') in 0.006765 seconds 
========================================================================
Received Import Request.
  Time since last request: 28.280657 seconds.
  path: Assets/Asset Store/Cars/Materials
  artifactKey: Guid(b1f9d1d30924f454fbdf488d8190d2a4) Importer(815301076,1909f56bfc062723c751e8b465ee728b)
Start importing Assets/Asset Store/Cars/Materials using Guid(b1f9d1d30924f454fbdf488d8190d2a4) Importer(815301076,1909f56bfc062723c751e8b465ee728b)  -> (artifact id: '9fed67cbd6a71bcefa754beddd0bc723') in 0.001288 seconds 
========================================================================
Received Import Request.
  Time since last request: 65.726550 seconds.
  path: Assets/Asset Store/Cars/Material/Cars/rx sports
  artifactKey: Guid(334b90fbd5b7ba24685b71e2a97d4909) Importer(815301076,1909f56bfc062723c751e8b465ee728b)
Start importing Assets/Asset Store/Cars/Material/Cars/rx sports using Guid(334b90fbd5b7ba24685b71e2a97d4909) Importer(815301076,1909f56bfc062723c751e8b465ee728b)  -> (artifact id: '5e6356eddbe6e159a5a832f2a547b74f') in 0.000978 seconds 
========================================================================
Received Import Request.
  Time since last request: 228.615206 seconds.
  path: Assets/Asset Store/Cars/Material/Cars/1969 classic
  artifactKey: Guid(772a0bf24abed7c49b015e7c781e0c68) Importer(815301076,1909f56bfc062723c751e8b465ee728b)
Start importing Assets/Asset Store/Cars/Material/Cars/1969 classic using Guid(772a0bf24abed7c49b015e7c781e0c68) Importer(815301076,1909f56bfc062723c751e8b465ee728b)  -> (artifact id: 'd58473fa406defd2ed03a5ca3521bc71') in 0.001267 seconds 
========================================================================
Received Import Request.
  Time since last request: 338.430173 seconds.
  path: Assets/Asset Store/Cars/Material/Common
  artifactKey: Guid(0dcfb16c0c5d7e34d8538bc8ee2f28fa) Importer(815301076,1909f56bfc062723c751e8b465ee728b)
Start importing Assets/Asset Store/Cars/Material/Common using Guid(0dcfb16c0c5d7e34d8538bc8ee2f28fa) Importer(815301076,1909f56bfc062723c751e8b465ee728b)  -> (artifact id: 'f43794ddf4f81b635dc4a834eeb5ff0b') in 0.002212 seconds 
